\BOOKMARK [1][-]{Doc-Start}{\376\377\000T\000a\000b\000l\000e\000\040\000o\000f\000\040\000C\000o\000n\000t\000e\000n\000t\000s}{}% 1
\BOOKMARK [1][-]{section*.1}{\376\377\000L\000i\000s\000t\000\040\000o\000f\000\040\000F\000i\000g\000u\000r\000e\000s}{}% 2
\BOOKMARK [1][-]{section*.1}{\376\377\000L\000i\000s\000t\000\040\000o\000f\000\040\000T\000a\000b\000l\000e\000s}{}% 3
\BOOKMARK [1][-]{section*.1}{\376\377\000L\000i\000s\000t\000\040\000o\000f\000\040\000L\000i\000s\000t\000i\000n\000g\000s}{}% 4
\BOOKMARK [1][-]{section.0.1}{\376\377\000I\000n\000t\000r\000o\000d\000u\000c\000t\000i\000o\000n}{}% 5
\BOOKMARK [1][-]{section.0.2}{\376\377\000U\000s\000e\000r\000\040\000S\000c\000e\000n\000a\000r\000i\000o}{}% 6
\BOOKMARK [1][-]{section.0.3}{\376\377\000T\000e\000c\000h\000n\000i\000c\000a\000l\000\040\000P\000r\000o\000b\000l\000e\000m}{}% 7
\BOOKMARK [1][-]{section.0.4}{\376\377\000T\000e\000c\000h\000n\000i\000c\000a\000l\000\040\000S\000o\000l\000u\000t\000i\000o\000n}{}% 8
\BOOKMARK [2][-]{subsection.0.4.1}{\376\377\000S\000y\000s\000t\000e\000m\000\040\000O\000v\000e\000r\000v\000i\000e\000w}{section.0.4}% 9
\BOOKMARK [2][-]{subsection.0.4.2}{\376\377\000S\000y\000s\000t\000e\000m\000\040\000A\000r\000c\000h\000i\000t\000e\000c\000t\000u\000r\000e}{section.0.4}% 10
\BOOKMARK [2][-]{subsection.0.4.3}{\376\377\000D\000a\000t\000a\000\040\000S\000o\000u\000r\000c\000e\000s}{section.0.4}% 11
\BOOKMARK [2][-]{subsection.0.4.4}{\376\377\000M\000a\000c\000h\000i\000n\000e\000\040\000L\000e\000a\000r\000n\000i\000n\000g}{section.0.4}% 12
\BOOKMARK [3][-]{section*.3}{\376\377\000D\000a\000t\000a\000\040\000c\000o\000l\000l\000e\000c\000t\000i\000o\000n\000\040\000p\000r\000o\000c\000e\000s\000s}{subsection.0.4.4}% 13
\BOOKMARK [3][-]{section*.4}{\376\377\000Y\000o\000l\000o\000\040\000m\000o\000d\000e\000l\000\040\000u\000s\000e\000d\000\040\000f\000o\000r\000\040\000c\000a\000r\000\040\000d\000e\000t\000e\000c\000t\000i\000o\000n}{subsection.0.4.4}% 14
\BOOKMARK [3][-]{section*.5}{\376\377\000P\000a\000r\000k\000i\000n\000g\000\040\000s\000p\000o\000t\000\040\000d\000e\000t\000e\000c\000t\000i\000o\000n}{subsection.0.4.4}% 15
\BOOKMARK [3][-]{section*.6}{\376\377\000R\000o\000a\000d\000\040\000m\000a\000s\000k\000\040\000g\000e\000n\000e\000r\000a\000t\000i\000o\000n}{subsection.0.4.4}% 16
\BOOKMARK [3][-]{section*.7}{\376\377\000C\000l\000a\000s\000s\000i\000f\000i\000c\000t\000i\000o\000n\000\040\000o\000f\000\040\000c\000a\000r\000s\000\040\000i\000n\000t\000o\000\040\000o\000n\000\040\000t\000h\000e\000\040\000r\000o\000a\000d\000\040\000o\000r\000\040\000p\000a\000r\000k\000e\000d}{subsection.0.4.4}% 17
\BOOKMARK [3][-]{section*.8}{\376\377\000E\000m\000p\000t\000y\000\040\000p\000a\000r\000k\000i\000n\000g\000\040\000s\000p\000o\000t\000\040\000d\000e\000t\000e\000c\000t\000i\000o\000n}{subsection.0.4.4}% 18
\BOOKMARK [3][-]{section*.9}{\376\377\000C\000l\000a\000s\000s\000i\000f\000i\000c\000a\000t\000i\000o\000n\000\040\000o\000f\000\040\000a\000l\000l\000\040\000s\000p\000o\000t\000s\000\040\000d\000e\000t\000e\000c\000t\000e\000d}{subsection.0.4.4}% 19
\BOOKMARK [3][-]{section*.10}{\376\377\000U\000p\000l\000o\000a\000d\000i\000n\000g\000\040\000p\000o\000i\000n\000t\000s\000\040\000t\000o\000\040\000t\000h\000e\000\040\000b\000a\000c\000k\000e\000n\000d\000\040\000s\000e\000r\000v\000e\000r}{subsection.0.4.4}% 20
\BOOKMARK [3][-]{section*.11}{\376\377\000E\000v\000a\000l\000u\000a\000t\000i\000o\000n\000\040\000o\000f\000\040\000e\000a\000c\000h\000\040\000s\000u\000b\000m\000o\000d\000u\000l\000e\000\040\000o\000f\000\040\000t\000h\000e\000\040\000p\000a\000r\000k\000i\000n\000g\000\040\000d\000e\000t\000e\000c\000t\000i\000o\000n\000\040\000m\000o\000d\000e\000l}{subsection.0.4.4}% 21
\BOOKMARK [3][-]{section*.12}{\376\377\000E\000v\000a\000l\000u\000a\000t\000i\000o\000n\000\040\000o\000f\000\040\000t\000h\000e\000\040\000Y\000o\000l\000o\000\040\000m\000o\000d\000e\000l}{subsection.0.4.4}% 22
\BOOKMARK [3][-]{section*.13}{\376\377\000E\000v\000a\000l\000u\000a\000t\000i\000o\000n\000\040\000o\000f\000\040\000t\000h\000e\000\040\000c\000l\000a\000s\000s\000i\000f\000i\000c\000t\000i\000o\000n\000\040\000o\000f\000\040\000c\000a\000r\000s\000\040\000i\000n\000t\000o\000\040\000o\000n\000\040\000t\000h\000e\000\040\000r\000o\000a\000d\000\040\000o\000r\000\040\000p\000a\000r\000k\000e\000d}{subsection.0.4.4}% 23
\BOOKMARK [3][-]{section*.16}{\376\377\000E\000v\000a\000l\000u\000a\000t\000i\000o\000n\000\040\000o\000f\000\040\000t\000h\000e\000\040\000e\000m\000p\000t\000y\000\040\000p\000a\000r\000k\000i\000n\000g\000\040\000d\000e\000t\000e\000c\000t\000i\000o\000n}{subsection.0.4.4}% 24
\BOOKMARK [3][-]{section*.19}{\376\377\000E\000v\000a\000l\000u\000a\000t\000i\000o\000n\000\040\000o\000f\000\040\000t\000h\000e\000\040\000c\000l\000a\000s\000s\000i\000f\000i\000c\000a\000t\000i\000o\000n\000\040\000o\000f\000\040\000t\000h\000e\000\040\000s\000p\000o\000t\000s\000\040\000d\000e\000t\000e\000c\000t\000e\000d\000\040\000i\000n\000t\000o\000\040\000p\000r\000i\000v\000a\000t\000e\000,\000\040\000p\000u\000b\000l\000i\000c\000\040\000a\000n\000d\000\040\000p\000a\000r\000k\000i\000n\000g\000\040\000l\000o\000t}{subsection.0.4.4}% 25
\BOOKMARK [2][-]{subsection.0.4.5}{\376\377\000F\000r\000o\000n\000t\000e\000n\000d}{section.0.4}% 26
\BOOKMARK [3][-]{section*.22}{\376\377\000F\000r\000o\000n\000t\000e\000n\000d\000\040\000A\000r\000c\000h\000i\000t\000e\000c\000t\000u\000r\000e\000\040\000a\000n\000d\000\040\000I\000m\000p\000l\000e\000m\000e\000n\000t\000a\000t\000i\000o\000n}{subsection.0.4.5}% 27
\BOOKMARK [3][-]{section*.23}{\376\377\000C\000l\000i\000e\000n\000t\000\040\000S\000t\000a\000t\000e\000\040\000M\000a\000n\000a\000g\000e\000m\000e\000n\000t}{subsection.0.4.5}% 28
\BOOKMARK [3][-]{section*.29}{\376\377\000U\000I\000\040\000W\000a\000l\000k\000t\000h\000r\000o\000u\000g\000h}{subsection.0.4.5}% 29
\BOOKMARK [3][-]{section*.43}{\376\377\000P\000r\000o\000t\000o\000t\000y\000p\000i\000n\000g}{subsection.0.4.5}% 30
\BOOKMARK [3][-]{section*.44}{\376\377\000P\000r\000o\000t\000o\000t\000y\000p\000e\000\040\000m\000e\000t\000h\000o\000d\000s}{subsection.0.4.5}% 31
\BOOKMARK [3][-]{section*.46}{\376\377\000L\000o\000w\000-\000f\000i\000d\000e\000l\000i\000t\000y\000\040\000p\000r\000o\000t\000o\000t\000y\000p\000e\000s}{subsection.0.4.5}% 32
\BOOKMARK [3][-]{section*.49}{\376\377\000M\000e\000d\000i\000u\000m\000\040\000F\000i\000d\000e\000l\000i\000t\000y\000\040\000P\000r\000o\000t\000o\000t\000y\000p\000i\000n\000g}{subsection.0.4.5}% 33
\BOOKMARK [3][-]{section*.50}{\376\377\000H\000i\000g\000h\000\040\000F\000i\000d\000e\000l\000i\000t\000y\000\040\000P\000r\000o\000t\000o\000t\000y\000p\000i\000n\000g}{subsection.0.4.5}% 34
\BOOKMARK [3][-]{section*.51}{\376\377\000U\000s\000e\000r\000\040\000I\000n\000t\000e\000r\000f\000a\000c\000e\000\040\000I\000t\000e\000r\000a\000t\000i\000o\000n}{subsection.0.4.5}% 35
\BOOKMARK [3][-]{section*.60}{\376\377\000U\000s\000e\000r\000\040\000F\000e\000e\000d\000b\000a\000c\000k\000\040\000a\000n\000d\000\040\000P\000r\000o\000t\000o\000t\000y\000p\000e\000\040\000E\000v\000o\000l\000u\000t\000i\000o\000n}{subsection.0.4.5}% 36
\BOOKMARK [3][-]{section*.61}{\376\377\000U\000s\000e\000r\000\040\000F\000e\000e\000d\000b\000a\000c\000k\000\040\000a\000n\000d\000\040\000P\000r\000o\000t\000o\000t\000y\000p\000e\000\040\000E\000v\000o\000l\000u\000t\000i\000o\000n}{subsection.0.4.5}% 37
\BOOKMARK [2][-]{subsection.0.4.6}{\376\377\000B\000a\000c\000k\000e\000n\000d}{section.0.4}% 38
\BOOKMARK [3][-]{section*.67}{\376\377\000B\000a\000c\000k\000e\000n\000d\000\040\000T\000e\000c\000h\000n\000o\000l\000o\000g\000i\000e\000s}{subsection.0.4.6}% 39
\BOOKMARK [3][-]{section*.74}{\376\377\000B\000a\000c\000k\000e\000n\000d\000\040\000D\000e\000v\000e\000l\000o\000p\000m\000e\000n\000t}{subsection.0.4.6}% 40
\BOOKMARK [3][-]{section*.75}{\376\377\000M\000i\000d\000d\000l\000e\000w\000a\000r\000e\000s}{subsection.0.4.6}% 41
\BOOKMARK [3][-]{section*.78}{\376\377\000D\000a\000t\000a\000\040\000V\000a\000l\000i\000d\000a\000t\000i\000o\000n}{subsection.0.4.6}% 42
\BOOKMARK [3][-]{section*.79}{\376\377\000E\000r\000r\000o\000r\000\040\000H\000a\000n\000d\000l\000i\000n\000g}{subsection.0.4.6}% 43
\BOOKMARK [3][-]{section*.80}{\376\377\000T\000e\000s\000t\000i\000n\000g}{subsection.0.4.6}% 44
\BOOKMARK [2][-]{subsection.0.4.7}{\376\377\000D\000e\000p\000l\000o\000y\000m\000e\000n\000t}{section.0.4}% 45
\BOOKMARK [1][-]{section.0.5}{\376\377\000S\000o\000f\000t\000w\000a\000r\000e\000\040\000M\000a\000n\000a\000g\000e\000m\000e\000n\000t}{}% 46
\BOOKMARK [2][-]{subsection.0.5.1}{\376\377\000W\000h\000y\000\040\000i\000s\000\040\000S\000o\000f\000t\000w\000a\000r\000e\000\040\000M\000a\000n\000a\000g\000e\000m\000e\000n\000t\000\040\000i\000m\000p\000o\000r\000t\000a\000n\000t\000?}{section.0.5}% 47
\BOOKMARK [2][-]{subsection.0.5.2}{\376\377\000W\000h\000a\000t\000\040\000i\000s\000\040\000D\000e\000v\000O\000p\000s\000?}{section.0.5}% 48
\BOOKMARK [2][-]{subsection.0.5.3}{\376\377\000C\000o\000n\000t\000i\000n\000u\000o\000u\000s\000\040\000I\000n\000t\000e\000g\000r\000a\000t\000i\000o\000n}{section.0.5}% 49
\BOOKMARK [3][-]{section*.82}{\376\377\000I\000s\000s\000u\000e\000s}{subsection.0.5.3}% 50
\BOOKMARK [3][-]{section*.84}{\376\377\000P\000u\000l\000l\000\040\000R\000e\000q\000u\000e\000s\000t\000s}{subsection.0.5.3}% 51
\BOOKMARK [3][-]{section*.86}{\376\377\000P\000r\000o\000j\000e\000c\000t\000s}{subsection.0.5.3}% 52
\BOOKMARK [2][-]{subsection.0.5.4}{\376\377\000A\000c\000t\000i\000o\000n\000s}{section.0.5}% 53
\BOOKMARK [3][-]{section*.89}{\376\377\000H\000o\000u\000s\000k\000e\000e\000p\000i\000n\000g}{subsection.0.5.4}% 54
\BOOKMARK [3][-]{section*.90}{\376\377\000C\000h\000e\000c\000k\000s}{subsection.0.5.4}% 55
\BOOKMARK [1][-]{section.0.6}{\376\377\000E\000v\000a\000l\000u\000a\000t\000i\000o\000n}{}% 56
\BOOKMARK [2][-]{subsection.0.6.1}{\376\377\000C\000o\000m\000p\000o\000n\000e\000n\000t\000s\000\040\000o\000f\000\040\000u\000s\000a\000b\000i\000l\000i\000t\000y}{section.0.6}% 57
\BOOKMARK [3][-]{section*.91}{\376\377\000U\000s\000e\000r\000\040\000e\000x\000p\000e\000r\000i\000e\000n\000c\000e\000\040\000d\000e\000s\000i\000g\000n\000\040\000a\000n\000d\000\040\000t\000e\000s\000t\000i\000n\000g}{subsection.0.6.1}% 58
\BOOKMARK [2][-]{subsection.0.6.2}{\376\377\000G\000e\000n\000e\000r\000a\000l\000\040\000u\000s\000e\000r\000\040\000e\000v\000a\000l\000u\000a\000t\000i\000o\000n}{section.0.6}% 59
\BOOKMARK [3][-]{section*.93}{\376\377\000U\000s\000e\000r\000\040\0001\000\040\000-\000\040\000B\000r\000e\000n\000d\000a\000n}{subsection.0.6.2}% 60
\BOOKMARK [3][-]{section*.95}{\376\377\000U\000s\000e\000r\000\040\0002\000\040\000-\000\040\000A\000n\000o\000n\000y\000m\000o\000u\000s\000\040\0001}{subsection.0.6.2}% 61
\BOOKMARK [3][-]{section*.97}{\376\377\000U\000s\000e\000r\000\040\0003\000\040\000-\000\040\000P\000a\000u\000l}{subsection.0.6.2}% 62
\BOOKMARK [3][-]{section*.100}{\376\377\000U\000s\000e\000r\000\040\0004\000\040\000-\000\040\000L\000i\000v\000i\000a}{subsection.0.6.2}% 63
\BOOKMARK [3][-]{section*.103}{\376\377\000U\000s\000e\000r\000\040\0005\000\040\000-\000\040\000B\000e\000n}{subsection.0.6.2}% 64
\BOOKMARK [3][-]{section*.106}{\376\377\000U\000s\000e\000r\000\040\0006\000\040\000-\000\040\000J\000a\000k\000u\000b}{subsection.0.6.2}% 65
\BOOKMARK [3][-]{section*.109}{\376\377\000G\000e\000n\000e\000r\000a\000l\000\040\000u\000s\000e\000r\000\040\000o\000v\000e\000r\000v\000i\000e\000w}{subsection.0.6.2}% 66
\BOOKMARK [2][-]{subsection.0.6.3}{\376\377\000T\000a\000r\000g\000e\000t\000e\000d\000\040\000u\000s\000e\000r\000\040\000e\000v\000a\000l\000u\000a\000t\000i\000o\000n}{section.0.6}% 67
\BOOKMARK [3][-]{section*.111}{\376\377\000U\000s\000e\000r\000\040\0007\000\040\000-\000\040\000B\000r\000y\000a\000n\000\040\000B\000o\000y\000l\000e}{subsection.0.6.3}% 68
\BOOKMARK [3][-]{section*.115}{\376\377\000U\000s\000e\000r\000\040\0008\000\040\000-\000\040\000A\000n\000o\000n\000y\000m\000o\000u\000s\000\040\0002}{subsection.0.6.3}% 69
\BOOKMARK [3][-]{section*.119}{\376\377\000U\000s\000e\000r\000\040\0009\000\040\000-\000\040\000A\000n\000o\000n\000y\000m\000o\000u\000s\000\040\0003}{subsection.0.6.3}% 70
\BOOKMARK [3][-]{section*.122}{\376\377\000T\000a\000r\000g\000e\000t\000e\000d\000\040\000u\000s\000e\000r\000s\000\040\000o\000v\000e\000r\000v\000i\000e\000w}{subsection.0.6.3}% 71
\BOOKMARK [2][-]{subsection.0.6.4}{\376\377\000U\000I\000/\000U\000X\000\040\000E\000x\000p\000e\000r\000t\000\040\000R\000e\000v\000i\000e\000w}{section.0.6}% 72
\BOOKMARK [3][-]{section*.125}{\376\377\000S\000e\000s\000s\000i\000o\000n\000\040\0001}{subsection.0.6.4}% 73
\BOOKMARK [3][-]{section*.132}{\376\377\000S\000e\000s\000s\000i\000o\000n\000\040\0002}{subsection.0.6.4}% 74
\BOOKMARK [2][-]{subsection.0.6.5}{\376\377\000A\000c\000c\000e\000s\000s\000i\000b\000i\000l\000i\000t\000y\000\040\000E\000x\000p\000e\000r\000t\000\040\000R\000e\000v\000i\000e\000w}{section.0.6}% 75
\BOOKMARK [1][-]{section.0.7}{\376\377\000F\000u\000t\000u\000r\000e\000\040\000W\000o\000r\000k}{}% 76
\BOOKMARK [2][-]{subsection.0.7.1}{\376\377\000M\000a\000c\000h\000i\000n\000e\000\040\000L\000e\000a\000r\000n\000i\000n\000g}{section.0.7}% 77
\BOOKMARK [2][-]{subsection.0.7.2}{\376\377\000F\000r\000o\000n\000t\000e\000n\000d}{section.0.7}% 78
\BOOKMARK [2][-]{subsection.0.7.3}{\376\377\000B\000a\000c\000k\000e\000n\000d}{section.0.7}% 79
\BOOKMARK [2][-]{subsection.0.7.4}{\376\377\000D\000e\000p\000l\000o\000y\000m\000e\000n\000t}{section.0.7}% 80
\BOOKMARK [1][-]{section.0.8}{\376\377\000C\000o\000n\000c\000l\000u\000s\000i\000o\000n}{}% 81
\BOOKMARK [1][-]{section.0.9}{\376\377\000A\000p\000p\000e\000n\000d\000i\000x\000\040\000A\000:\000\040\000A\000B\000C}{}% 82
\BOOKMARK [1][-]{section.0.10}{\376\377\000A\000p\000p\000e\000n\000d\000i\000x\000\040\000B\000:\000\040\000X\000Y\000Z}{}% 83
